TN:
SF:/Users/luiscastillo/Sites/Platziverse/platziverse-db/index.js
FN:9,(anonymous_0)
FNF:1
FNH:1
FNDA:9,(anonymous_0)
DA:3,9
DA:4,9
DA:5,9
DA:6,9
DA:7,9
DA:9,9
DA:10,9
DA:21,9
DA:22,9
DA:23,9
DA:25,9
DA:26,9
DA:28,9
DA:29,9
DA:30,0
DA:33,9
DA:34,9
DA:36,9
LF:18
LH:17
BRDA:29,0,0,0
BRDA:29,0,1,9
BRF:2
BRH:1
end_of_record
TN:
SF:/Users/luiscastillo/Sites/Platziverse/platziverse-db/lib/agent.js
FN:3,setupAgent
FN:4,createOrUpdate
FN:22,findById
FN:26,findByUuid
FN:34,findAll
FN:38,findConnected
FN:46,findByUsername
FNF:7
FNH:7
FNDA:9,setupAgent
FNDA:2,createOrUpdate
FNDA:1,findById
FNDA:1,findByUuid
FNDA:1,findAll
FNDA:1,findConnected
FNDA:1,findByUsername
DA:3,1
DA:5,2
DA:11,2
DA:13,2
DA:14,1
DA:15,1
DA:18,1
DA:19,1
DA:23,1
DA:27,1
DA:35,1
DA:39,1
DA:47,1
DA:55,9
LF:14
LH:14
BRDA:13,0,0,1
BRDA:13,0,1,1
BRDA:15,1,0,1
BRDA:15,1,1,0
BRF:4
BRH:3
end_of_record
TN:
SF:/Users/luiscastillo/Sites/Platziverse/platziverse-db/lib/db.js
FN:6,setupDataBase
FNF:1
FNH:1
FNDA:9,setupDataBase
DA:3,1
DA:4,1
DA:6,1
DA:7,9
DA:8,1
DA:10,9
LF:6
LH:6
BRDA:7,0,0,1
BRDA:7,0,1,8
BRF:2
BRH:2
end_of_record
TN:
SF:/Users/luiscastillo/Sites/Platziverse/platziverse-db/models/agent.js
FN:7,setupAgentModel
FNF:1
FNH:0
FNDA:0,setupAgentModel
DA:4,1
DA:5,1
DA:7,1
DA:8,0
DA:10,0
LF:5
LH:3
BRF:0
BRH:0
end_of_record
TN:
SF:/Users/luiscastillo/Sites/Platziverse/platziverse-db/models/metric.js
FN:6,setupMetricModel
FNF:1
FNH:0
FNDA:0,setupMetricModel
DA:3,1
DA:4,1
DA:6,1
DA:7,0
DA:9,0
LF:5
LH:3
BRF:0
BRH:0
end_of_record
TN:
SF:/Users/luiscastillo/Sites/Platziverse/platziverse-db/tests/fixtures/agent-fixtures.js
FN:22,extend
FN:30,(anonymous_1)
FN:31,(anonymous_2)
FN:31,(anonymous_3)
FN:32,(anonymous_4)
FN:32,(anonymous_5)
FNF:6
FNH:6
FNDA:3,extend
FNDA:4,(anonymous_1)
FNDA:10,(anonymous_2)
FNDA:40,(anonymous_3)
FNDA:10,(anonymous_4)
FNDA:40,(anonymous_5)
DA:3,1
DA:15,1
DA:23,3
DA:24,3
DA:27,1
DA:30,4
DA:31,40
DA:32,40
LF:8
LH:8
BRF:0
BRH:0
end_of_record
